
> promptdial@1.0.0 server
> tsx src/start-server.ts

node:events:496
      throw er; // Unhandled 'error' event
      ^

Error: listen EADDRINUSE: address already in use :::3001
    at Server.setupListenHandle [as _listen2] (node:net:1940:16)
    at listenInCluster (node:net:1997:12)
    at Server.listen (node:net:2102:7)
    at Function.listen (/Users/esk3nder/Developer/promptdial/promptdial-standalone/node_modules/express/lib/application.js:635:24)
    at startServer (/Users/esk3nder/Developer/promptdial/promptdial-standalone/packages/core/src/api/server.ts:117:7)
    at <anonymous> (/Users/esk3nder/Developer/promptdial/promptdial-standalone/packages/core/src/start-server.ts:5:1)
    at Object.<anonymous> (/Users/esk3nder/Developer/promptdial/promptdial-standalone/packages/core/src/start-server.ts:5:13)
    at Module._compile (node:internal/modules/cjs/loader:1730:14)
    at Object.transformer (/Users/esk3nder/Developer/promptdial/promptdial-standalone/node_modules/tsx/dist/register-D46fvsV_.cjs:3:1104)
    at Module.load (node:internal/modules/cjs/loader:1465:32)
Emitted 'error' event on Server instance at:
    at emitErrorNT (node:net:1976:8)
    at process.processTicksAndRejections (node:internal/process/task_queues:90:21) {
  code: 'EADDRINUSE',
  errno: -48,
  syscall: 'listen',
  address: '::',
  port: 3001
}

Node.js v22.17.0
npm error Lifecycle script `server` failed with error:
npm error code 1
npm error path /Users/esk3nder/Developer/promptdial/promptdial-standalone/packages/core
npm error workspace promptdial@1.0.0
npm error location /Users/esk3nder/Developer/promptdial/promptdial-standalone/packages/core
npm error command failed
npm error command sh -c tsx src/start-server.ts
