node:internal/modules/cjs/loader:1401
  const err = new Error(message);
              ^

Error: Cannot find module '@promptdial/shared'
Require stack:
- /Users/esk3nder_mini/Developer/promptdial/promptdial-standalone/packages/retrieval-hub/src/index.ts
    at node:internal/modules/cjs/loader:1401:15
    at nextResolveSimple (/Users/esk3nder_mini/Developer/promptdial/promptdial-standalone/node_modules/tsx/dist/register-D46fvsV_.cjs:4:1004)
    at /Users/esk3nder_mini/Developer/promptdial/promptdial-standalone/node_modules/tsx/dist/register-D46fvsV_.cjs:3:2630
    at /Users/esk3nder_mini/Developer/promptdial/promptdial-standalone/node_modules/tsx/dist/register-D46fvsV_.cjs:3:1542
    at resolveTsPaths (/Users/esk3nder_mini/Developer/promptdial/promptdial-standalone/node_modules/tsx/dist/register-D46fvsV_.cjs:4:760)
    at /Users/esk3nder_mini/Developer/promptdial/promptdial-standalone/node_modules/tsx/dist/register-D46fvsV_.cjs:4:1102
    at m._resolveFilename (file:///Users/esk3nder_mini/Developer/promptdial/promptdial-standalone/node_modules/tsx/dist/register-B7jrtLTO.mjs:1:789)
    at defaultResolveImpl (node:internal/modules/cjs/loader:1057:19)
    at resolveForCJSWithHooks (node:internal/modules/cjs/loader:1062:22)
    at Function._load (node:internal/modules/cjs/loader:1211:37) {
  code: 'MODULE_NOT_FOUND',
  requireStack: [
    '/Users/esk3nder_mini/Developer/promptdial/promptdial-standalone/packages/retrieval-hub/src/index.ts'
  ]
}

Node.js v22.16.0
